This file contains any messages produced by compilers while
running configure, to aid debugging if configure makes a mistake.

It was created by Makefile.in configure 1.0, which was
generated by GNU Autoconf 2.69.  Invocation command line was

  $ ./configure 

## --------- ##
## Platform. ##
## --------- ##

hostname = dns
uname -m = x86_64
uname -r = 4.4.0-124-generic
uname -s = Linux
uname -v = #148-Ubuntu SMP Wed May 2 13:00:18 UTC 2018

/usr/bin/uname -p = unknown
/bin/uname -X     = unknown

/bin/arch              = unknown
/usr/bin/arch -k       = unknown
/usr/convex/getsysinfo = unknown
/usr/bin/hostinfo      = unknown
/bin/machine           = unknown
/usr/bin/oslevel       = unknown
/bin/universe          = unknown

PATH: /usr/local/rrdtool/bin/
PATH: /usr/local/bin
PATH: /usr/local/sbin
PATH: /usr/sbin
PATH: /sbin
PATH: /usr/dt/bin
PATH: /usr/ccs/bin/
PATH: /opt/netscape
PATH: /usr/local/ssl/bin/
PATH: /usr/local/Calpont/bin
PATH: /usr/local/sbin
PATH: /usr/local/bin
PATH: /usr/sbin
PATH: /usr/bin
PATH: /sbin
PATH: /bin
PATH: /usr/games
PATH: /usr/local/games


## ----------- ##
## Core tests. ##
## ----------- ##

configure:1881: creating ./config.status

## ---------------------- ##
## Running config.status. ##
## ---------------------- ##

This file was extended by Makefile.in config.status 1.0, which was
generated by GNU Autoconf 2.69.  Invocation command line was

  CONFIG_FILES    = 
  CONFIG_HEADERS  = 
  CONFIG_LINKS    = 
  CONFIG_COMMANDS = 
  $ ./config.status 

on dns

config.status:725: creating debian/changelog
config.status:725: creating debian/files
config.status:725: creating debian/control
config.status:725: creating debian/rules
config.status:725: creating ../etc/systemd/system/edge.service
config.status:725: creating ../etc/systemd/system/supernode.service

## ---------------- ##
## Cache variables. ##
## ---------------- ##

ac_cv_env_build_alias_set=
ac_cv_env_build_alias_value=
ac_cv_env_host_alias_set=
ac_cv_env_host_alias_value=
ac_cv_env_target_alias_set=
ac_cv_env_target_alias_value=

## ----------------- ##
## Output variables. ##
## ----------------- ##

APP='n2n'
DATE='Wed, 20 Jun 2018 20:22:21 +0200'
DEFS='-DPACKAGE_NAME=\"Makefile.in\" -DPACKAGE_TARNAME=\"makefile-in\" -DPACKAGE_VERSION=\"1.0\" -DPACKAGE_STRING=\"Makefile.in\ 1.0\" -DPACKAGE_BUGREPORT=\"\" -DPACKAGE_URL=\"\"'
ECHO_C=''
ECHO_N='-n'
ECHO_T=''
EXTN='amd64'
GIT_COMMITS='37'
GIT_RELEASE='29de24c5d94ff8a481e27611e4c2c2d20f194287'
LIBOBJS=''
LIBS=''
LTLIBOBJS=''
MACHINE='x86_64'
N2N_VERS='2.3.0'
PACKAGE_BUGREPORT=''
PACKAGE_NAME='Makefile.in'
PACKAGE_STRING='Makefile.in 1.0'
PACKAGE_TARNAME='makefile-in'
PACKAGE_URL=''
PACKAGE_VERSION='1.0'
PATH_SEPARATOR=':'
SHELL='/bin/bash'
bindir='${exec_prefix}/bin'
build_alias=''
datadir='${datarootdir}'
datarootdir='${prefix}/share'
docdir='${datarootdir}/doc/${PACKAGE_TARNAME}'
dvidir='${docdir}'
exec_prefix='${prefix}'
host_alias=''
htmldir='${docdir}'
includedir='${prefix}/include'
infodir='${datarootdir}/info'
libdir='${exec_prefix}/lib'
libexecdir='${exec_prefix}/libexec'
localedir='${datarootdir}/locale'
localstatedir='${prefix}/var'
mandir='${datarootdir}/man'
oldincludedir='/usr/include'
pdfdir='${docdir}'
prefix='/usr/local'
program_transform_name='s,x,x,'
psdir='${docdir}'
runstatedir='${localstatedir}/run'
sbindir='${exec_prefix}/sbin'
sharedstatedir='${prefix}/com'
sysconfdir='${prefix}/etc'
target_alias=''

## ----------- ##
## confdefs.h. ##
## ----------- ##

/* confdefs.h */
#define PACKAGE_NAME "Makefile.in"
#define PACKAGE_TARNAME "makefile-in"
#define PACKAGE_VERSION "1.0"
#define PACKAGE_STRING "Makefile.in 1.0"
#define PACKAGE_BUGREPORT ""
#define PACKAGE_URL ""

configure: exit 0
